<?xml version="1.0" encoding="UTF-8"?>
<testsuite xmlns:xsi="http://www.w3.org/2001/XMLSchema-instance" xsi:noNamespaceSchemaLocation="https://maven.apache.org/surefire/maven-surefire-plugin/xsd/surefire-test-report-3.0.xsd" version="3.0" name="functions.TestDisplayTasks" time="2.592" tests="1" errors="0" skipped="0" failures="0">
  <properties>
[...]
</properties>
  <testcase name="displayTasks" classname="functions.TestDisplayTasks" time="1.412">
    <system-out><![CDATA[Task with ID 1701346042001 has been updated
Task with ID 1701346042002 has been updated
{"idTasks":"1701346042003","whatToDo":"Task 3","Done_idDone":1,"Category_idCategory":6,"Priority_idPriority":2}
]]></system-out>
  </testcase>
</testsuite>